[0mGET / [31m500[0m 5.402 ms - 1322[0m
[0mGET / [32m200[0m 33.434 ms - 2667[0m
[0mGET /favicon.ico [33m404[0m 6.591 ms - 150[0m
[0mGET /users/signin [36m304[0m 9.877 ms - -[0m
[0mGET /users/auth/google [36m302[0m 5.980 ms - 0[0m
[0mGET /users/signin [36m304[0m 23.936 ms - -[0m
[0mGET /users/auth/google [36m302[0m 5.095 ms - 0[0m
[0mGET /users/auth/google/callback?code=4%2F0AX4XfWgHgzfiGm0Z4OVN8PuqqK959OZHWbD8gQOiSbsjpro9qI8uA4zi7BU6qsdlHoE53g&scope=email+profile+https%3A%2F%2Fwww.googleapis.com%2Fauth%2Fuserinfo.profile+https%3A%2F%2Fwww.googleapis.com%2Fauth%2Fuserinfo.email+openid&authuser=0&prompt=consent [31m500[0m 564.243 ms - 1106[0m
[0mGET /users/auth/google/callback?code=4%2F0AX4XfWgHgzfiGm0Z4OVN8PuqqK959OZHWbD8gQOiSbsjpro9qI8uA4zi7BU6qsdlHoE53g&scope=email+profile+https%3A%2F%2Fwww.googleapis.com%2Fauth%2Fuserinfo.profile+https%3A%2F%2Fwww.googleapis.com%2Fauth%2Fuserinfo.email+openid&authuser=0&prompt=consent [36m302[0m 830.578 ms - 46[0m
[0mGET / [32m200[0m 24.918 ms - 4079[0m
[0mGET / [32m200[0m 49.126 ms - 3779[0m
[0mGET /styles/layout.css [33m404[0m 20.143 ms - 156[0m
[0mGET /styles/header.css [33m404[0m 22.227 ms - 156[0m
[0mGET /js/home_comment.js [33m404[0m 17.857 ms - 157[0m
[0mGET /styles/footer.css [33m404[0m 25.788 ms - 156[0m
[0mGET /styles/chat_engine.css [33m404[0m 26.445 ms - 161[0m
[0mGET /styles/home.css [33m404[0m 38.963 ms - 154[0m
[0mGET /js/home_post.js [33m404[0m 16.882 ms - 154[0m
[0mGET /js/like.js [33m404[0m 35.709 ms - 149[0m
[0mGET /js/chat_engine.js [33m404[0m 24.328 ms - 156[0m
[0mGET /styles/layout.css [33m404[0m 24.655 ms - 156[0m
[0mGET /styles/header.css [33m404[0m 25.067 ms - 156[0m
[0mGET /styles/footer.css [33m404[0m 20.973 ms - 156[0m
[0mGET /styles/chat_engine.css [33m404[0m 21.121 ms - 161[0m
[0mGET /styles/home.css [33m404[0m 20.111 ms - 154[0m
[0mGET /js/home_comment.js [33m404[0m 20.608 ms - 157[0m
[0mGET /js/home_post.js [33m404[0m 5.155 ms - 154[0m
[0mGET /js/like.js [33m404[0m 3.993 ms - 149[0m
[0mGET /js/chat_engine.js [33m404[0m 5.490 ms - 156[0m
[0mGET / [36m304[0m 16.888 ms - -[0m
[0mGET /styles/layout.css [33m404[0m 18.203 ms - 156[0m
[0mGET /styles/header.css [33m404[0m 22.386 ms - 156[0m
[0mGET /styles/footer.css [33m404[0m 19.430 ms - 156[0m
[0mGET /styles/chat_engine.css [33m404[0m 19.998 ms - 161[0m
[0mGET /styles/home.css [33m404[0m 22.982 ms - 154[0m
[0mGET /js/home_post.js [33m404[0m 36.622 ms - 154[0m
[0mGET /js/like.js [33m404[0m 23.364 ms - 149[0m
[0mGET /js/chat_engine.js [33m404[0m 15.486 ms - 156[0m
[0mGET /styles/layout.css [33m404[0m 15.968 ms - 156[0m
[0mGET /js/home_comment.js [33m404[0m 16.133 ms - 157[0m
[0mGET /js/home_post.js [33m404[0m 4.206 ms - 154[0m
[0mGET /js/like.js [33m404[0m 6.654 ms - 149[0m
[0mGET /js/chat_engine.js [33m404[0m 4.227 ms - 156[0m
[0mGET / [36m304[0m 46.816 ms - -[0m
[0mGET / [36m304[0m 13.947 ms - -[0m
[0mGET / [36m304[0m 27.774 ms - -[0m
[0mGET / [36m304[0m 26.747 ms - -[0m
[0mGET / [36m304[0m 8.536 ms - -[0m
[0mGET / [36m304[0m 10.947 ms - -[0m
[0mGET / [36m304[0m 28.180 ms - -[0m
[0mGET / [36m304[0m 27.722 ms - -[0m
